0 info it worked if it ends with ok
1 verbose cli [ '/usr/local/bin/node', '/usr/local/bin/npm', 'run', 'test' ]
2 info using npm@4.1.1
3 info using node@v6.9.2
4 verbose run-script [ 'pretest', 'test', 'posttest' ]
5 info lifecycle playlism_backend@1.0.0~pretest: playlism_backend@1.0.0
6 silly lifecycle playlism_backend@1.0.0~pretest: no script for pretest, continuing
7 info lifecycle playlism_backend@1.0.0~test: playlism_backend@1.0.0
8 verbose lifecycle playlism_backend@1.0.0~test: unsafe-perm in lifecycle true
9 verbose lifecycle playlism_backend@1.0.0~test: PATH: /usr/local/lib/node_modules/npm/bin/node-gyp-bin:/Users/tom/Desktop/Projects/FullStack/playlism_backend/node_modules/.bin:/Library/Frameworks/Python.framework/Versions/3.6/bin:/usr/local/bin:/usr/bin:/bin:/usr/sbin:/sbin:/usr/local/go/bin:/Library/Frameworks/Python.framework/Versions/3.6/bin:/Users/Tom/Library/Android/sdk/platform-tools/:/Users/tom/Desktop/Projects/go_workspace:/Users/Tom/Library/Android/sdk/platform-tools/:/Users/tom/Desktop/Projects/go_workspace:/usr/local/go/bin
10 verbose lifecycle playlism_backend@1.0.0~test: CWD: /Users/tom/Desktop/Projects/FullStack/playlism_backend
11 silly lifecycle playlism_backend@1.0.0~test: Args: [ '-c',
11 silly lifecycle   'nodemon --exec \'NODE_ENV="test" mocha ./src -t 5000 --recursive --compilers js:babel-core/register --require babel-polyfill\'' ]
12 silly lifecycle playlism_backend@1.0.0~test: Returned: code: 1  signal: null
13 info lifecycle playlism_backend@1.0.0~test: Failed to exec test script
14 verbose stack Error: playlism_backend@1.0.0 test: `nodemon --exec 'NODE_ENV="test" mocha ./src -t 5000 --recursive --compilers js:babel-core/register --require babel-polyfill'`
14 verbose stack Exit status 1
14 verbose stack     at EventEmitter.<anonymous> (/usr/local/lib/node_modules/npm/lib/utils/lifecycle.js:279:16)
14 verbose stack     at emitTwo (events.js:106:13)
14 verbose stack     at EventEmitter.emit (events.js:191:7)
14 verbose stack     at ChildProcess.<anonymous> (/usr/local/lib/node_modules/npm/lib/utils/spawn.js:40:14)
14 verbose stack     at emitTwo (events.js:106:13)
14 verbose stack     at ChildProcess.emit (events.js:191:7)
14 verbose stack     at maybeClose (internal/child_process.js:877:16)
14 verbose stack     at Process.ChildProcess._handle.onexit (internal/child_process.js:226:5)
15 verbose pkgid playlism_backend@1.0.0
16 verbose cwd /Users/tom/Desktop/Projects/FullStack/playlism_backend
17 error Darwin 16.6.0
18 error argv "/usr/local/bin/node" "/usr/local/bin/npm" "run" "test"
19 error node v6.9.2
20 error npm  v4.1.1
21 error code ELIFECYCLE
22 error playlism_backend@1.0.0 test: `nodemon --exec 'NODE_ENV="test" mocha ./src -t 5000 --recursive --compilers js:babel-core/register --require babel-polyfill'`
22 error Exit status 1
23 error Failed at the playlism_backend@1.0.0 test script 'nodemon --exec 'NODE_ENV="test" mocha ./src -t 5000 --recursive --compilers js:babel-core/register --require babel-polyfill''.
23 error Make sure you have the latest version of node.js and npm installed.
23 error If you do, this is most likely a problem with the playlism_backend package,
23 error not with npm itself.
23 error Tell the author that this fails on your system:
23 error     nodemon --exec 'NODE_ENV="test" mocha ./src -t 5000 --recursive --compilers js:babel-core/register --require babel-polyfill'
23 error You can get information on how to open an issue for this project with:
23 error     npm bugs playlism_backend
23 error Or if that isn't available, you can get their info via:
23 error     npm owner ls playlism_backend
23 error There is likely additional logging output above.
24 verbose exit [ 1, true ]
